/*C3*/SET SCHEMA PUBLIC
DISCONNECT
/*C4*/SET SCHEMA PUBLIC
CREATE TABLE CONTATOS (ID INTEGER NOT NULL, TIPO_CONTATO VARCHAR(10), CARGO VARCHAR(50), CPF_CNPJ VARCHAR(14) NOT NULL, EMPRESA VARCHAR(100), NASCIMENTO DATE, NOME VARCHAR(100) NOT NULL, NOTAS VARCHAR(100000), EMAIL VARCHAR(200), BAIRRO VARCHAR(50), CEP VARCHAR(9), CIDADE VARCHAR(50), COMPLEMENTO VARCHAR(100), LOGRADOURO VARCHAR(100), NUMERO VARCHAR(10), UF VARCHAR(2), DDD_FAX VARCHAR(2), TEL_FAX VARCHAR(8), DDD_FIXO VARCHAR(2), TEL_FIXO VARCHAR(8), DDD_MOVEL VARCHAR(2), TEL_MOVEL VARCHAR(9), OAB VARCHAR(20), PRIMARY KEY (ID))
CREATE TABLE BALANCOS (ID INTEGER NOT NULL, CREDITO REAL, DATA_HORA TIMESTAMP, DEBITO REAL, HISTORICO VARCHAR(100000), PRIMARY KEY (ID))
CREATE TABLE COMPROMISSOS (ID INTEGER NOT NULL, DATA_HORA TIMESTAMP, HISTORICO VARCHAR(100000), PRIMARY KEY (ID))
CREATE TABLE PROCESSOS (ID INTEGER NOT NULL, ACAO VARCHAR(15), ANDAMENTO VARCHAR(100000), COMARCA VARCHAR(15), DISTRIBUICAO DATE, ESCREVENTE VARCHAR(100), NUMERO VARCHAR(15), OFICIAL VARCHAR(100), ORIGEM VARCHAR(100), REGIONAL VARCHAR(100), TIPO VARCHAR(5), VARA VARCHAR(15), BAIRRO VARCHAR(50), CEP VARCHAR(9), CIDADE VARCHAR(50), COMPLEMENTO VARCHAR(100), LOGRADOURO VARCHAR(100), UF VARCHAR(2), PRIMARY KEY (ID))
CREATE TABLE PROCESSOS_CONTATOS (clientes_ID INTEGER NOT NULL, processosAbertos_ID INTEGER NOT NULL, Processo_ID INTEGER NOT NULL, advogados_ID INTEGER NOT NULL, partesContrarias_ID INTEGER NOT NULL, testemunhas_ID INTEGER NOT NULL, PRIMARY KEY (clientes_ID, processosAbertos_ID, Processo_ID, advogados_ID, partesContrarias_ID, testemunhas_ID))
CREATE TABLE PROCESSOS_BALANCOS (Processo_ID INTEGER NOT NULL, balanco_ID INTEGER NOT NULL, PRIMARY KEY (Processo_ID, balanco_ID))
CREATE TABLE PROCESSOS_COMPROMISSOS (Processo_ID INTEGER NOT NULL, compromissos_ID INTEGER NOT NULL, PRIMARY KEY (Processo_ID, compromissos_ID))
ALTER TABLE CONTATOS ADD CONSTRAINT UNQ_CONTATOS_3 UNIQUE (CPF_CNPJ)
ALTER TABLE CONTATOS ADD CONSTRAINT UNQ_CONTATOS_6 UNIQUE (NOME)
ALTER TABLE PROCESSOS_CONTATOS ADD CONSTRAINT FK_PROCESSOS_CONTATOS_processosAbertos_ID FOREIGN KEY (processosAbertos_ID) REFERENCES PROCESSOS (ID)
ALTER TABLE PROCESSOS_CONTATOS ADD CONSTRAINT FK_PROCESSOS_CONTATOS_clientes_ID FOREIGN KEY (clientes_ID) REFERENCES CONTATOS (ID)
ALTER TABLE PROCESSOS_CONTATOS ADD CONSTRAINT FK_PROCESSOS_CONTATOS_partesContrarias_ID FOREIGN KEY (partesContrarias_ID) REFERENCES CONTATOS (ID)
ALTER TABLE PROCESSOS_CONTATOS ADD CONSTRAINT FK_PROCESSOS_CONTATOS_testemunhas_ID FOREIGN KEY (testemunhas_ID) REFERENCES CONTATOS (ID)
ALTER TABLE PROCESSOS_CONTATOS ADD CONSTRAINT FK_PROCESSOS_CONTATOS_advogados_ID FOREIGN KEY (advogados_ID) REFERENCES CONTATOS (ID)
ALTER TABLE PROCESSOS_CONTATOS ADD CONSTRAINT FK_PROCESSOS_CONTATOS_Processo_ID FOREIGN KEY (Processo_ID) REFERENCES PROCESSOS (ID)
ALTER TABLE PROCESSOS_BALANCOS ADD CONSTRAINT FK_PROCESSOS_BALANCOS_balanco_ID FOREIGN KEY (balanco_ID) REFERENCES BALANCOS (ID)
ALTER TABLE PROCESSOS_BALANCOS ADD CONSTRAINT FK_PROCESSOS_BALANCOS_Processo_ID FOREIGN KEY (Processo_ID) REFERENCES PROCESSOS (ID)
ALTER TABLE PROCESSOS_COMPROMISSOS ADD CONSTRAINT FK_PROCESSOS_COMPROMISSOS_compromissos_ID FOREIGN KEY (compromissos_ID) REFERENCES COMPROMISSOS (ID)
ALTER TABLE PROCESSOS_COMPROMISSOS ADD CONSTRAINT FK_PROCESSOS_COMPROMISSOS_Processo_ID FOREIGN KEY (Processo_ID) REFERENCES PROCESSOS (ID)
CREATE TABLE SEQUENCE (SEQ_NAME VARCHAR(50) NOT NULL, SEQ_COUNT NUMERIC(38), PRIMARY KEY (SEQ_NAME))
INSERT INTO SEQUENCE VALUES('SEQ_GEN',0)
COMMIT
